<?xml version="1.0" encoding="UTF-8"?>
<!-- Generated by org.testng.reporters.JUnitReportReporter -->
<testsuite hostname="sys" name="appspec.RegUser" tests="1" failures="0" timestamp="12 Apr 2016 02:36:14 GMT" time="22.183" errors="0">
  <testcase name="Hi" time="22.183" classname="appspec.RegUser"/>
</testsuite> <!-- appspec.RegUser -->
